2026-05-05 10:15:37.024  INFO 11468 --- [main] com.example.demo.Demo02Application       : Starting Demo02Application using Java 17.0.4.1 on Windows10-2025 with PID 11468 (C:\Users\usuario\Desktop\CRUD\backend\target\classes started by usuario in C:\Users\usuario\Desktop\CRUD\backend)
2026-05-05 10:15:37.026  INFO 11468 --- [main] com.example.demo.Demo02Application       : No active profile set, falling back to default profiles: default
2026-05-05 10:15:37.552  INFO 11468 --- [main] .s.d.r.c.RepositoryConfigurationDelegate : Bootstrapping Spring Data JPA repositories in DEFAULT mode.
2026-05-05 10:15:37.640  INFO 11468 --- [main] .s.d.r.c.RepositoryConfigurationDelegate : Finished Spring Data repository scanning in 115 ms. Found 1 JPA repository interfaces.
2026-05-05 10:15:37.932  INFO 11468 --- [main] o.s.b.w.embedded.tomcat.TomcatWebServer  : Tomcat initialized with port(s): 8884 (http)
2026-05-05 10:15:37.941  INFO 11468 --- [main] o.apache.catalina.core.StandardService   : Starting service [Tomcat]
2026-05-05 10:15:37.941  INFO 11468 --- [main] org.apache.catalina.core.StandardEngine  : Starting Servlet engine: [Apache Tomcat/9.0.56]
2026-05-05 10:15:37.997  INFO 11468 --- [main] o.a.c.c.C.[Tomcat].[localhost].[/]       : Initializing Spring embedded WebApplicationContext
2026-05-05 10:15:37.997  INFO 11468 --- [main] w.s.c.ServletWebServerApplicationContext : Root WebApplicationContext: initialization completed in 914 ms
2026-05-05 10:15:38.122  INFO 11468 --- [main] o.hibernate.jpa.internal.util.LogHelper  : HHH000204: Processing PersistenceUnitInfo [name: default]
2026-05-05 10:15:38.220  INFO 11468 --- [main] org.hibernate.Version                    : HHH000412: Hibernate ORM core version 5.4.33
2026-05-05 10:15:38.434  INFO 11468 --- [main] o.hibernate.annotations.common.Version   : HCANN000001: Hibernate Commons Annotations {5.1.2.Final}
2026-05-05 10:15:38.494  INFO 11468 --- [main] com.zaxxer.hikari.HikariDataSource       : HikariPool-1 - Starting...
2026-05-05 10:15:38.623  INFO 11468 --- [main] com.zaxxer.hikari.HikariDataSource       : HikariPool-1 - Start completed.
2026-05-05 10:15:38.633  INFO 11468 --- [main] org.hibernate.dialect.Dialect            : HHH000400: Using dialect: org.hibernate.dialect.PostgreSQLDialect
2026-05-05 10:15:39.065  INFO 11468 --- [main] o.h.e.t.j.p.i.JtaPlatformInitiator       : HHH000490: Using JtaPlatform implementation: [org.hibernate.engine.transaction.jta.platform.internal.NoJtaPlatform]
2026-05-05 10:15:39.071  INFO 11468 --- [main] j.LocalContainerEntityManagerFactoryBean : Initialized JPA EntityManagerFactory for persistence unit 'default'
2026-05-05 10:15:39.228  WARN 11468 --- [main] JpaBaseConfiguration$JpaWebConfiguration : spring.jpa.open-in-view is enabled by default. Therefore, database queries may be performed during view rendering. Explicitly configure spring.jpa.open-in-view to disable this warning
2026-05-05 10:15:39.432  INFO 11468 --- [main] o.s.b.w.embedded.tomcat.TomcatWebServer  : Tomcat started on port(s): 8884 (http) with context path ''
2026-05-05 10:15:39.440  INFO 11468 --- [main] com.example.demo.Demo02Application       : Started Demo02Application in 3.709 seconds (JVM running for 5.064)
2026-05-05 10:15:53.169  INFO 11468 --- [http-nio-8884-exec-1] o.a.c.c.C.[Tomcat].[localhost].[/]       : Initializing Spring DispatcherServlet 'dispatcherServlet'
2026-05-05 10:15:53.170  INFO 11468 --- [http-nio-8884-exec-1] o.s.web.servlet.DispatcherServlet        : Initializing Servlet 'dispatcherServlet'
2026-05-05 10:15:53.170  INFO 11468 --- [http-nio-8884-exec-1] o.s.web.servlet.DispatcherServlet        : Completed initialization in 0 ms
2026-05-05 10:17:42.790  INFO 11468 --- [RMI TCP Connection(9)-127.0.0.1] inMXBeanRegistrar$SpringApplicationAdmin : Application shutdown requested.
2026-05-05 10:17:42.806  INFO 11468 --- [RMI TCP Connection(9)-127.0.0.1] j.LocalContainerEntityManagerFactoryBean : Closing JPA EntityManagerFactory for persistence unit 'default'
2026-05-05 10:17:42.809  INFO 11468 --- [RMI TCP Connection(9)-127.0.0.1] com.zaxxer.hikari.HikariDataSource       : HikariPool-1 - Shutdown initiated...
2026-05-05 10:17:42.819  INFO 11468 --- [RMI TCP Connection(9)-127.0.0.1] com.zaxxer.hikari.HikariDataSource       : HikariPool-1 - Shutdown completed.
2026-05-05 10:23:43.455  INFO 3084 --- [main] com.example.demo.Demo02Application       : Starting Demo02Application using Java 17.0.4.1 on Windows10-2025 with PID 3084 (C:\Users\usuario\Desktop\CRUD\backend\target\classes started by usuario in C:\Users\usuario\Desktop\CRUD\backend)
2026-05-05 10:23:43.456  INFO 3084 --- [main] com.example.demo.Demo02Application       : No active profile set, falling back to default profiles: default
2026-05-05 10:23:45.711  INFO 3084 --- [main] .s.d.r.c.RepositoryConfigurationDelegate : Bootstrapping Spring Data JPA repositories in DEFAULT mode.
2026-05-05 10:23:45.826 ERROR 3084 --- [main] o.s.boot.SpringApplication               : Application run failed

java.lang.TypeNotPresentException: Type com.example.demo.entity.PersonaEntity not present
	at java.base/sun.reflect.generics.factory.CoreReflectionFactory.makeNamedType(CoreReflectionFactory.java:117) ~[na:na]
	at java.base/sun.reflect.generics.visitor.Reifier.visitClassTypeSignature(Reifier.java:125) ~[na:na]
	at java.base/sun.reflect.generics.tree.ClassTypeSignature.accept(ClassTypeSignature.java:49) ~[na:na]
	at java.base/sun.reflect.generics.visitor.Reifier.reifyTypeArguments(Reifier.java:68) ~[na:na]
	at java.base/sun.reflect.generics.visitor.Reifier.visitClassTypeSignature(Reifier.java:138) ~[na:na]
	at java.base/sun.reflect.generics.tree.ClassTypeSignature.accept(ClassTypeSignature.java:49) ~[na:na]
	at java.base/sun.reflect.generics.repository.ClassRepository.computeSuperInterfaces(ClassRepository.java:117) ~[na:na]
	at java.base/sun.reflect.generics.repository.ClassRepository.getSuperInterfaces(ClassRepository.java:95) ~[na:na]
	at java.base/java.lang.Class.getGenericInterfaces(Class.java:1211) ~[na:na]
	at org.springframework.core.ResolvableType.getInterfaces(ResolvableType.java:502) ~[spring-core-5.3.15.jar:5.3.15]
	at org.springframework.core.GenericTypeResolver.buildTypeVariableMap(GenericTypeResolver.java:271) ~[spring-core-5.3.15.jar:5.3.15]
	at org.springframework.core.GenericTypeResolver.getTypeVariableMap(GenericTypeResolver.java:248) ~[spring-core-5.3.15.jar:5.3.15]
	at org.springframework.data.util.ClassTypeInformation.getTypeVariableMap(ClassTypeInformation.java:115) ~[spring-data-commons-2.5.8.jar:2.5.8]
	at org.springframework.data.util.ClassTypeInformation.getTypeVariableMap(ClassTypeInformation.java:104) ~[spring-data-commons-2.5.8.jar:2.5.8]
	at org.springframework.data.util.ClassTypeInformation.<init>(ClassTypeInformation.java:93) ~[spring-data-commons-2.5.8.jar:2.5.8]
	at java.base/java.util.concurrent.ConcurrentMap.computeIfAbsent(ConcurrentMap.java:330) ~[na:na]
	at org.springframework.data.util.ClassTypeInformation.from(ClassTypeInformation.java:71) ~[spring-data-commons-2.5.8.jar:2.5.8]
	at org.springframework.data.repository.core.support.AbstractRepositoryMetadata.<init>(AbstractRepositoryMetadata.java:63) ~[spring-data-commons-2.5.8.jar:2.5.8]
	at org.springframework.data.repository.core.support.DefaultRepositoryMetadata.<init>(DefaultRepositoryMetadata.java:49) ~[spring-data-commons-2.5.8.jar:2.5.8]
	at org.springframework.data.repository.core.support.AbstractRepositoryMetadata.getMetadata(AbstractRepositoryMetadata.java:78) ~[spring-data-commons-2.5.8.jar:2.5.8]
	at org.springframework.data.repository.config.RepositoryConfigurationExtensionSupport.getRepositoryConfigurations(RepositoryConfigurationExtensionSupport.java:103) ~[spring-data-commons-2.5.8.jar:2.5.8]
	at org.springframework.data.repository.config.RepositoryConfigurationDelegate.registerRepositoriesIn(RepositoryConfigurationDelegate.java:159) ~[spring-data-commons-2.5.8.jar:2.5.8]
	at org.springframework.boot.autoconfigure.data.AbstractRepositoryConfigurationSourceSupport.registerBeanDefinitions(AbstractRepositoryConfigurationSourceSupport.java:62) ~[spring-boot-autoconfigure-2.5.9.jar:2.5.9]
	at org.springframework.context.annotation.ConfigurationClassBeanDefinitionReader.lambda$loadBeanDefinitionsFromRegistrars$1(ConfigurationClassBeanDefinitionReader.java:396) ~[spring-context-5.3.15.jar:5.3.15]
	at java.base/java.util.LinkedHashMap.forEach(LinkedHashMap.java:721) ~[na:na]
	at org.springframework.context.annotation.ConfigurationClassBeanDefinitionReader.loadBeanDefinitionsFromRegistrars(ConfigurationClassBeanDefinitionReader.java:395) ~[spring-context-5.3.15.jar:5.3.15]
	at org.springframework.context.annotation.ConfigurationClassBeanDefinitionReader.loadBeanDefinitionsForConfigurationClass(ConfigurationClassBeanDefinitionReader.java:157) ~[spring-context-5.3.15.jar:5.3.15]
	at org.springframework.context.annotation.ConfigurationClassBeanDefinitionReader.loadBeanDefinitions(ConfigurationClassBeanDefinitionReader.java:129) ~[spring-context-5.3.15.jar:5.3.15]
	at org.springframework.context.annotation.ConfigurationClassPostProcessor.processConfigBeanDefinitions(ConfigurationClassPostProcessor.java:343) ~[spring-context-5.3.15.jar:5.3.15]
	at org.springframework.context.annotation.ConfigurationClassPostProcessor.postProcessBeanDefinitionRegistry(ConfigurationClassPostProcessor.java:247) ~[spring-context-5.3.15.jar:5.3.15]
	at org.springframework.context.support.PostProcessorRegistrationDelegate.invokeBeanDefinitionRegistryPostProcessors(PostProcessorRegistrationDelegate.java:311) ~[spring-context-5.3.15.jar:5.3.15]
	at org.springframework.context.support.PostProcessorRegistrationDelegate.invokeBeanFactoryPostProcessors(PostProcessorRegistrationDelegate.java:112) ~[spring-context-5.3.15.jar:5.3.15]
	at org.springframework.context.support.AbstractApplicationContext.invokeBeanFactoryPostProcessors(AbstractApplicationContext.java:746) ~[spring-context-5.3.15.jar:5.3.15]
	at org.springframework.context.support.AbstractApplicationContext.refresh(AbstractApplicationContext.java:564) ~[spring-context-5.3.15.jar:5.3.15]
	at org.springframework.boot.web.servlet.context.ServletWebServerApplicationContext.refresh(ServletWebServerApplicationContext.java:145) ~[spring-boot-2.5.9.jar:2.5.9]
	at org.springframework.boot.SpringApplication.refresh(SpringApplication.java:767) ~[spring-boot-2.5.9.jar:2.5.9]
	at org.springframework.boot.SpringApplication.refreshContext(SpringApplication.java:447) ~[spring-boot-2.5.9.jar:2.5.9]
	at org.springframework.boot.SpringApplication.run(SpringApplication.java:338) ~[spring-boot-2.5.9.jar:2.5.9]
	at org.springframework.boot.SpringApplication.run(SpringApplication.java:1356) ~[spring-boot-2.5.9.jar:2.5.9]
	at org.springframework.boot.SpringApplication.run(SpringApplication.java:1345) ~[spring-boot-2.5.9.jar:2.5.9]
	at com.example.demo.Demo02Application.main(Demo02Application.java:10) ~[classes/:na]
Caused by: java.lang.ClassNotFoundException: com.example.demo.entity.PersonaEntity
	at java.base/jdk.internal.loader.BuiltinClassLoader.loadClass(BuiltinClassLoader.java:641) ~[na:na]
	at java.base/jdk.internal.loader.ClassLoaders$AppClassLoader.loadClass(ClassLoaders.java:188) ~[na:na]
	at java.base/java.lang.ClassLoader.loadClass(ClassLoader.java:520) ~[na:na]
	at java.base/java.lang.Class.forName0(Native Method) ~[na:na]
	at java.base/java.lang.Class.forName(Class.java:467) ~[na:na]
	at java.base/sun.reflect.generics.factory.CoreReflectionFactory.makeNamedType(CoreReflectionFactory.java:114) ~[na:na]
	... 40 common frames omitted

2026-05-05 10:23:58.861  INFO 1068 --- [main] com.example.demo.Demo02Application       : Starting Demo02Application using Java 17.0.4.1 on Windows10-2025 with PID 1068 (C:\Users\usuario\Desktop\CRUD\backend\target\classes started by usuario in C:\Users\usuario\Desktop\CRUD\backend)
2026-05-05 10:23:58.864  INFO 1068 --- [main] com.example.demo.Demo02Application       : No active profile set, falling back to default profiles: default
2026-05-05 10:23:59.413  INFO 1068 --- [main] .s.d.r.c.RepositoryConfigurationDelegate : Bootstrapping Spring Data JPA repositories in DEFAULT mode.
2026-05-05 10:23:59.452  INFO 1068 --- [main] .s.d.r.c.RepositoryConfigurationDelegate : Finished Spring Data repository scanning in 31 ms. Found 1 JPA repository interfaces.
2026-05-05 10:23:59.781  INFO 1068 --- [main] o.s.b.w.embedded.tomcat.TomcatWebServer  : Tomcat initialized with port(s): 8884 (http)
2026-05-05 10:23:59.789  INFO 1068 --- [main] o.apache.catalina.core.StandardService   : Starting service [Tomcat]
2026-05-05 10:23:59.789  INFO 1068 --- [main] org.apache.catalina.core.StandardEngine  : Starting Servlet engine: [Apache Tomcat/9.0.56]
2026-05-05 10:23:59.847  INFO 1068 --- [main] o.a.c.c.C.[Tomcat].[localhost].[/]       : Initializing Spring embedded WebApplicationContext
2026-05-05 10:23:59.847  INFO 1068 --- [main] w.s.c.ServletWebServerApplicationContext : Root WebApplicationContext: initialization completed in 873 ms
2026-05-05 10:24:00.069  INFO 1068 --- [main] o.hibernate.jpa.internal.util.LogHelper  : HHH000204: Processing PersistenceUnitInfo [name: default]
2026-05-05 10:24:00.115  INFO 1068 --- [main] org.hibernate.Version                    : HHH000412: Hibernate ORM core version 5.4.33
2026-05-05 10:24:00.249  INFO 1068 --- [main] o.hibernate.annotations.common.Version   : HCANN000001: Hibernate Commons Annotations {5.1.2.Final}
2026-05-05 10:24:00.379  INFO 1068 --- [main] com.zaxxer.hikari.HikariDataSource       : HikariPool-1 - Starting...
2026-05-05 10:24:00.547  INFO 1068 --- [main] com.zaxxer.hikari.HikariDataSource       : HikariPool-1 - Start completed.
2026-05-05 10:24:00.562  INFO 1068 --- [main] org.hibernate.dialect.Dialect            : HHH000400: Using dialect: org.hibernate.dialect.PostgreSQLDialect
2026-05-05 10:24:01.045  INFO 1068 --- [main] o.h.e.t.j.p.i.JtaPlatformInitiator       : HHH000490: Using JtaPlatform implementation: [org.hibernate.engine.transaction.jta.platform.internal.NoJtaPlatform]
2026-05-05 10:24:01.052  INFO 1068 --- [main] j.LocalContainerEntityManagerFactoryBean : Initialized JPA EntityManagerFactory for persistence unit 'default'
2026-05-05 10:24:01.228  WARN 1068 --- [main] JpaBaseConfiguration$JpaWebConfiguration : spring.jpa.open-in-view is enabled by default. Therefore, database queries may be performed during view rendering. Explicitly configure spring.jpa.open-in-view to disable this warning
2026-05-05 10:24:01.509  INFO 1068 --- [main] o.s.b.w.embedded.tomcat.TomcatWebServer  : Tomcat started on port(s): 8884 (http) with context path ''
2026-05-05 10:24:01.516  INFO 1068 --- [main] com.example.demo.Demo02Application       : Started Demo02Application in 2.935 seconds (JVM running for 3.442)
2026-05-05 10:24:37.221  INFO 1068 --- [http-nio-8884-exec-1] o.a.c.c.C.[Tomcat].[localhost].[/]       : Initializing Spring DispatcherServlet 'dispatcherServlet'
2026-05-05 10:24:37.221  INFO 1068 --- [http-nio-8884-exec-1] o.s.web.servlet.DispatcherServlet        : Initializing Servlet 'dispatcherServlet'
2026-05-05 10:24:37.222  INFO 1068 --- [http-nio-8884-exec-1] o.s.web.servlet.DispatcherServlet        : Completed initialization in 1 ms
2026-05-05 10:25:08.063  INFO 1068 --- [RMI TCP Connection(8)-127.0.0.1] inMXBeanRegistrar$SpringApplicationAdmin : Application shutdown requested.
2026-05-05 10:25:08.078  INFO 1068 --- [RMI TCP Connection(8)-127.0.0.1] j.LocalContainerEntityManagerFactoryBean : Closing JPA EntityManagerFactory for persistence unit 'default'
2026-05-05 10:25:08.080  INFO 1068 --- [RMI TCP Connection(8)-127.0.0.1] com.zaxxer.hikari.HikariDataSource       : HikariPool-1 - Shutdown initiated...
2026-05-05 10:25:08.086  INFO 1068 --- [RMI TCP Connection(8)-127.0.0.1] com.zaxxer.hikari.HikariDataSource       : HikariPool-1 - Shutdown completed.
2026-05-05 18:54:02.839  INFO 6036 --- [main] com.example.demo.Demo02Application       : Starting Demo02Application using Java 17.0.4.1 on Windows10-2025 with PID 6036 (C:\Users\usuario\Desktop\ElReal\ICIFG003-EQ04\backend\target\classes started by usuario in C:\Users\usuario\Desktop\ElReal\ICIFG003-EQ04\backend)
2026-05-05 18:54:02.863  INFO 6036 --- [main] com.example.demo.Demo02Application       : No active profile set, falling back to default profiles: default
2026-05-05 18:54:05.903  INFO 6036 --- [main] .s.d.r.c.RepositoryConfigurationDelegate : Bootstrapping Spring Data JPA repositories in DEFAULT mode.
2026-05-05 18:54:06.064  INFO 6036 --- [main] .s.d.r.c.RepositoryConfigurationDelegate : Finished Spring Data repository scanning in 135 ms. Found 1 JPA repository interfaces.
2026-05-05 18:54:07.118  INFO 6036 --- [main] o.s.b.w.embedded.tomcat.TomcatWebServer  : Tomcat initialized with port(s): 8884 (http)
2026-05-05 18:54:07.140  INFO 6036 --- [main] o.apache.catalina.core.StandardService   : Starting service [Tomcat]
2026-05-05 18:54:07.141  INFO 6036 --- [main] org.apache.catalina.core.StandardEngine  : Starting Servlet engine: [Apache Tomcat/9.0.56]
2026-05-05 18:54:07.311  INFO 6036 --- [main] o.a.c.c.C.[Tomcat].[localhost].[/]       : Initializing Spring embedded WebApplicationContext
2026-05-05 18:54:07.312  INFO 6036 --- [main] w.s.c.ServletWebServerApplicationContext : Root WebApplicationContext: initialization completed in 4286 ms
2026-05-05 18:54:07.666  INFO 6036 --- [main] o.hibernate.jpa.internal.util.LogHelper  : HHH000204: Processing PersistenceUnitInfo [name: default]
2026-05-05 18:54:07.808  INFO 6036 --- [main] org.hibernate.Version                    : HHH000412: Hibernate ORM core version 5.4.33
2026-05-05 18:54:08.500  INFO 6036 --- [main] o.hibernate.annotations.common.Version   : HCANN000001: Hibernate Commons Annotations {5.1.2.Final}
2026-05-05 18:54:08.855  INFO 6036 --- [main] com.zaxxer.hikari.HikariDataSource       : HikariPool-1 - Starting...
2026-05-05 18:54:09.865  INFO 6036 --- [main] com.zaxxer.hikari.HikariDataSource       : HikariPool-1 - Start completed.
2026-05-05 18:54:09.922  INFO 6036 --- [main] org.hibernate.dialect.Dialect            : HHH000400: Using dialect: org.hibernate.dialect.PostgreSQLDialect
2026-05-05 18:54:11.873  INFO 6036 --- [main] o.h.e.t.j.p.i.JtaPlatformInitiator       : HHH000490: Using JtaPlatform implementation: [org.hibernate.engine.transaction.jta.platform.internal.NoJtaPlatform]
2026-05-05 18:54:11.893  INFO 6036 --- [main] j.LocalContainerEntityManagerFactoryBean : Initialized JPA EntityManagerFactory for persistence unit 'default'
2026-05-05 18:54:12.498  WARN 6036 --- [main] JpaBaseConfiguration$JpaWebConfiguration : spring.jpa.open-in-view is enabled by default. Therefore, database queries may be performed during view rendering. Explicitly configure spring.jpa.open-in-view to disable this warning
2026-05-05 18:54:13.116  INFO 6036 --- [main] o.s.b.w.embedded.tomcat.TomcatWebServer  : Tomcat started on port(s): 8884 (http) with context path ''
2026-05-05 18:54:13.131  INFO 6036 --- [main] com.example.demo.Demo02Application       : Started Demo02Application in 11.837 seconds (JVM running for 13.97)
2026-05-05 18:54:18.547  INFO 6036 --- [http-nio-8884-exec-1] o.a.c.c.C.[Tomcat].[localhost].[/]       : Initializing Spring DispatcherServlet 'dispatcherServlet'
2026-05-05 18:54:18.547  INFO 6036 --- [http-nio-8884-exec-1] o.s.web.servlet.DispatcherServlet        : Initializing Servlet 'dispatcherServlet'
2026-05-05 18:54:18.549  INFO 6036 --- [http-nio-8884-exec-1] o.s.web.servlet.DispatcherServlet        : Completed initialization in 1 ms
2026-05-05 18:59:33.314  INFO 6036 --- [RMI TCP Connection(13)-127.0.0.1] inMXBeanRegistrar$SpringApplicationAdmin : Application shutdown requested.
2026-05-05 18:59:33.375  INFO 6036 --- [RMI TCP Connection(13)-127.0.0.1] j.LocalContainerEntityManagerFactoryBean : Closing JPA EntityManagerFactory for persistence unit 'default'
2026-05-05 18:59:33.378  INFO 6036 --- [RMI TCP Connection(13)-127.0.0.1] com.zaxxer.hikari.HikariDataSource       : HikariPool-1 - Shutdown initiated...
2026-05-05 18:59:33.393  INFO 6036 --- [RMI TCP Connection(13)-127.0.0.1] com.zaxxer.hikari.HikariDataSource       : HikariPool-1 - Shutdown completed.
2026-05-05 19:11:00.029  INFO 10272 --- [main] com.example.demo.Demo02Application       : Starting Demo02Application using Java 17.0.4.1 on Windows10-2025 with PID 10272 (C:\Users\usuario\Desktop\ElReal\ICIFG003-EQ04\backend\target\classes started by usuario in C:\Users\usuario\Desktop\ElReal\ICIFG003-EQ04\backend)
2026-05-05 19:11:00.120  INFO 10272 --- [main] com.example.demo.Demo02Application       : No active profile set, falling back to default profiles: default
2026-05-05 19:11:03.998  INFO 10272 --- [main] .s.d.r.c.RepositoryConfigurationDelegate : Bootstrapping Spring Data JPA repositories in DEFAULT mode.
2026-05-05 19:11:04.155  INFO 10272 --- [main] .s.d.r.c.RepositoryConfigurationDelegate : Finished Spring Data repository scanning in 115 ms. Found 2 JPA repository interfaces.
2026-05-05 19:11:05.782  INFO 10272 --- [main] o.s.b.w.embedded.tomcat.TomcatWebServer  : Tomcat initialized with port(s): 8884 (http)
2026-05-05 19:11:05.804  INFO 10272 --- [main] o.apache.catalina.core.StandardService   : Starting service [Tomcat]
2026-05-05 19:11:05.805  INFO 10272 --- [main] org.apache.catalina.core.StandardEngine  : Starting Servlet engine: [Apache Tomcat/9.0.56]
2026-05-05 19:11:05.986  INFO 10272 --- [main] o.a.c.c.C.[Tomcat].[localhost].[/]       : Initializing Spring embedded WebApplicationContext
2026-05-05 19:11:05.986  INFO 10272 --- [main] w.s.c.ServletWebServerApplicationContext : Root WebApplicationContext: initialization completed in 5588 ms
2026-05-05 19:11:07.349  INFO 10272 --- [main] o.hibernate.jpa.internal.util.LogHelper  : HHH000204: Processing PersistenceUnitInfo [name: default]
2026-05-05 19:11:07.545  INFO 10272 --- [main] org.hibernate.Version                    : HHH000412: Hibernate ORM core version 5.4.33
2026-05-05 19:11:08.036  INFO 10272 --- [main] o.hibernate.annotations.common.Version   : HCANN000001: Hibernate Commons Annotations {5.1.2.Final}
2026-05-05 19:11:08.438  INFO 10272 --- [main] com.zaxxer.hikari.HikariDataSource       : HikariPool-1 - Starting...
2026-05-05 19:11:08.810  INFO 10272 --- [main] com.zaxxer.hikari.HikariDataSource       : HikariPool-1 - Start completed.
2026-05-05 19:11:08.864  INFO 10272 --- [main] org.hibernate.dialect.Dialect            : HHH000400: Using dialect: org.hibernate.dialect.PostgreSQLDialect
2026-05-05 19:11:10.677  INFO 10272 --- [main] o.h.e.t.j.p.i.JtaPlatformInitiator       : HHH000490: Using JtaPlatform implementation: [org.hibernate.engine.transaction.jta.platform.internal.NoJtaPlatform]
2026-05-05 19:11:10.698  INFO 10272 --- [main] j.LocalContainerEntityManagerFactoryBean : Initialized JPA EntityManagerFactory for persistence unit 'default'
2026-05-05 19:11:11.822  WARN 10272 --- [main] JpaBaseConfiguration$JpaWebConfiguration : spring.jpa.open-in-view is enabled by default. Therefore, database queries may be performed during view rendering. Explicitly configure spring.jpa.open-in-view to disable this warning
2026-05-05 19:11:12.514  INFO 10272 --- [main] o.s.b.w.embedded.tomcat.TomcatWebServer  : Tomcat started on port(s): 8884 (http) with context path ''
2026-05-05 19:11:12.531  INFO 10272 --- [main] com.example.demo.Demo02Application       : Started Demo02Application in 14.647 seconds (JVM running for 20.686)
2026-05-05 19:14:03.985  INFO 10272 --- [http-nio-8884-exec-1] o.a.c.c.C.[Tomcat].[localhost].[/]       : Initializing Spring DispatcherServlet 'dispatcherServlet'
2026-05-05 19:14:03.986  INFO 10272 --- [http-nio-8884-exec-1] o.s.web.servlet.DispatcherServlet        : Initializing Servlet 'dispatcherServlet'
2026-05-05 19:14:03.990  INFO 10272 --- [http-nio-8884-exec-1] o.s.web.servlet.DispatcherServlet        : Completed initialization in 3 ms
2026-05-05 19:14:43.154  INFO 10272 --- [RMI TCP Connection(11)-127.0.0.1] inMXBeanRegistrar$SpringApplicationAdmin : Application shutdown requested.
2026-05-05 19:14:43.190  INFO 10272 --- [RMI TCP Connection(11)-127.0.0.1] j.LocalContainerEntityManagerFactoryBean : Closing JPA EntityManagerFactory for persistence unit 'default'
2026-05-05 19:14:43.194  INFO 10272 --- [RMI TCP Connection(11)-127.0.0.1] com.zaxxer.hikari.HikariDataSource       : HikariPool-1 - Shutdown initiated...
2026-05-05 19:14:43.224  INFO 10272 --- [RMI TCP Connection(11)-127.0.0.1] com.zaxxer.hikari.HikariDataSource       : HikariPool-1 - Shutdown completed.
2026-05-05 19:17:03.103  INFO 6512 --- [main] com.example.demo.Demo02Application       : Starting Demo02Application using Java 17.0.4.1 on Windows10-2025 with PID 6512 (C:\Users\usuario\Desktop\ElReal\ICIFG003-EQ04\backend\target\classes started by usuario in C:\Users\usuario\Desktop\ElReal\ICIFG003-EQ04\backend)
2026-05-05 19:17:03.109  INFO 6512 --- [main] com.example.demo.Demo02Application       : No active profile set, falling back to default profiles: default
2026-05-05 19:17:05.573  INFO 6512 --- [main] .s.d.r.c.RepositoryConfigurationDelegate : Bootstrapping Spring Data JPA repositories in DEFAULT mode.
2026-05-05 19:17:05.756  INFO 6512 --- [main] .s.d.r.c.RepositoryConfigurationDelegate : Finished Spring Data repository scanning in 157 ms. Found 2 JPA repository interfaces.
2026-05-05 19:17:07.635  INFO 6512 --- [main] o.s.b.w.embedded.tomcat.TomcatWebServer  : Tomcat initialized with port(s): 8884 (http)
2026-05-05 19:17:07.722  INFO 6512 --- [main] o.apache.catalina.core.StandardService   : Starting service [Tomcat]
2026-05-05 19:17:07.729  INFO 6512 --- [main] org.apache.catalina.core.StandardEngine  : Starting Servlet engine: [Apache Tomcat/9.0.56]
2026-05-05 19:17:08.078  INFO 6512 --- [main] o.a.c.c.C.[Tomcat].[localhost].[/]       : Initializing Spring embedded WebApplicationContext
2026-05-05 19:17:08.085  INFO 6512 --- [main] w.s.c.ServletWebServerApplicationContext : Root WebApplicationContext: initialization completed in 4734 ms
2026-05-05 19:17:08.768  INFO 6512 --- [main] o.hibernate.jpa.internal.util.LogHelper  : HHH000204: Processing PersistenceUnitInfo [name: default]
2026-05-05 19:17:09.103  INFO 6512 --- [main] org.hibernate.Version                    : HHH000412: Hibernate ORM core version 5.4.33
2026-05-05 19:17:09.619  INFO 6512 --- [main] o.hibernate.annotations.common.Version   : HCANN000001: Hibernate Commons Annotations {5.1.2.Final}
2026-05-05 19:17:09.942  INFO 6512 --- [main] com.zaxxer.hikari.HikariDataSource       : HikariPool-1 - Starting...
2026-05-05 19:17:10.447  INFO 6512 --- [main] com.zaxxer.hikari.HikariDataSource       : HikariPool-1 - Start completed.
2026-05-05 19:17:10.504  INFO 6512 --- [main] org.hibernate.dialect.Dialect            : HHH000400: Using dialect: org.hibernate.dialect.PostgreSQLDialect
2026-05-05 19:17:12.403  INFO 6512 --- [main] o.h.e.t.j.p.i.JtaPlatformInitiator       : HHH000490: Using JtaPlatform implementation: [org.hibernate.engine.transaction.jta.platform.internal.NoJtaPlatform]
2026-05-05 19:17:12.425  INFO 6512 --- [main] j.LocalContainerEntityManagerFactoryBean : Initialized JPA EntityManagerFactory for persistence unit 'default'
2026-05-05 19:17:13.586  WARN 6512 --- [main] JpaBaseConfiguration$JpaWebConfiguration : spring.jpa.open-in-view is enabled by default. Therefore, database queries may be performed during view rendering. Explicitly configure spring.jpa.open-in-view to disable this warning
2026-05-05 19:17:14.304  INFO 6512 --- [main] o.s.b.w.embedded.tomcat.TomcatWebServer  : Tomcat started on port(s): 8884 (http) with context path ''
2026-05-05 19:17:14.320  INFO 6512 --- [main] com.example.demo.Demo02Application       : Started Demo02Application in 12.699 seconds (JVM running for 14.709)
2026-05-05 19:22:37.465  INFO 6512 --- [http-nio-8884-exec-1] o.a.c.c.C.[Tomcat].[localhost].[/]       : Initializing Spring DispatcherServlet 'dispatcherServlet'
2026-05-05 19:22:37.466  INFO 6512 --- [http-nio-8884-exec-1] o.s.web.servlet.DispatcherServlet        : Initializing Servlet 'dispatcherServlet'
2026-05-05 19:22:37.470  INFO 6512 --- [http-nio-8884-exec-1] o.s.web.servlet.DispatcherServlet        : Completed initialization in 4 ms
2026-05-05 19:29:35.000  INFO 6512 --- [RMI TCP Connection(20)-127.0.0.1] inMXBeanRegistrar$SpringApplicationAdmin : Application shutdown requested.
2026-05-05 19:29:35.070  INFO 6512 --- [RMI TCP Connection(20)-127.0.0.1] j.LocalContainerEntityManagerFactoryBean : Closing JPA EntityManagerFactory for persistence unit 'default'
2026-05-05 19:29:35.076  INFO 6512 --- [RMI TCP Connection(20)-127.0.0.1] com.zaxxer.hikari.HikariDataSource       : HikariPool-1 - Shutdown initiated...
2026-05-05 19:29:35.119  INFO 6512 --- [RMI TCP Connection(20)-127.0.0.1] com.zaxxer.hikari.HikariDataSource       : HikariPool-1 - Shutdown completed.
2026-05-10 15:15:54.146  INFO 5864 --- [main] com.example.demo.Demo02Application       : Starting Demo02Application using Java 17.0.4.1 on Windows10-2025 with PID 5864 (C:\Users\usuario\Desktop\ICIFG003-EQ04\backend\target\classes started by usuario in C:\Users\usuario\Desktop\ICIFG003-EQ04\backend)
2026-05-10 15:15:54.157  INFO 5864 --- [main] com.example.demo.Demo02Application       : No active profile set, falling back to default profiles: default
2026-05-10 15:15:56.429  INFO 5864 --- [main] .s.d.r.c.RepositoryConfigurationDelegate : Bootstrapping Spring Data JPA repositories in DEFAULT mode.
2026-05-10 15:15:56.585  INFO 5864 --- [main] .s.d.r.c.RepositoryConfigurationDelegate : Finished Spring Data repository scanning in 125 ms. Found 2 JPA repository interfaces.
2026-05-10 15:15:58.288  INFO 5864 --- [main] o.s.b.w.embedded.tomcat.TomcatWebServer  : Tomcat initialized with port(s): 8884 (http)
2026-05-10 15:15:58.314  INFO 5864 --- [main] o.apache.catalina.core.StandardService   : Starting service [Tomcat]
2026-05-10 15:15:58.315  INFO 5864 --- [main] org.apache.catalina.core.StandardEngine  : Starting Servlet engine: [Apache Tomcat/9.0.56]
2026-05-10 15:15:58.587  INFO 5864 --- [main] o.a.c.c.C.[Tomcat].[localhost].[/]       : Initializing Spring embedded WebApplicationContext
2026-05-10 15:15:58.593  INFO 5864 --- [main] w.s.c.ServletWebServerApplicationContext : Root WebApplicationContext: initialization completed in 4171 ms
2026-05-10 15:15:59.218  INFO 5864 --- [main] o.hibernate.jpa.internal.util.LogHelper  : HHH000204: Processing PersistenceUnitInfo [name: default]
2026-05-10 15:15:59.416  INFO 5864 --- [main] org.hibernate.Version                    : HHH000412: Hibernate ORM core version 5.4.33
2026-05-10 15:15:59.915  INFO 5864 --- [main] o.hibernate.annotations.common.Version   : HCANN000001: Hibernate Commons Annotations {5.1.2.Final}
2026-05-10 15:16:00.529  INFO 5864 --- [main] com.zaxxer.hikari.HikariDataSource       : HikariPool-1 - Starting...
2026-05-10 15:16:01.524  INFO 5864 --- [main] com.zaxxer.hikari.HikariDataSource       : HikariPool-1 - Start completed.
2026-05-10 15:16:01.628  INFO 5864 --- [main] org.hibernate.dialect.Dialect            : HHH000400: Using dialect: org.hibernate.dialect.PostgreSQLDialect
2026-05-10 15:16:04.657  INFO 5864 --- [main] o.h.e.t.j.p.i.JtaPlatformInitiator       : HHH000490: Using JtaPlatform implementation: [org.hibernate.engine.transaction.jta.platform.internal.NoJtaPlatform]
2026-05-10 15:16:04.683  INFO 5864 --- [main] j.LocalContainerEntityManagerFactoryBean : Initialized JPA EntityManagerFactory for persistence unit 'default'
2026-05-10 15:16:05.572  WARN 5864 --- [main] JpaBaseConfiguration$JpaWebConfiguration : spring.jpa.open-in-view is enabled by default. Therefore, database queries may be performed during view rendering. Explicitly configure spring.jpa.open-in-view to disable this warning
2026-05-10 15:16:06.421  INFO 5864 --- [main] o.s.b.w.embedded.tomcat.TomcatWebServer  : Tomcat started on port(s): 8884 (http) with context path ''
2026-05-10 15:16:06.454  INFO 5864 --- [main] com.example.demo.Demo02Application       : Started Demo02Application in 13.802 seconds (JVM running for 16.007)
2026-05-10 15:18:51.781  INFO 5864 --- [http-nio-8884-exec-1] o.a.c.c.C.[Tomcat].[localhost].[/]       : Initializing Spring DispatcherServlet 'dispatcherServlet'
2026-05-10 15:18:51.783  INFO 5864 --- [http-nio-8884-exec-1] o.s.web.servlet.DispatcherServlet        : Initializing Servlet 'dispatcherServlet'
2026-05-10 15:18:51.791  INFO 5864 --- [http-nio-8884-exec-1] o.s.web.servlet.DispatcherServlet        : Completed initialization in 6 ms
2026-05-10 15:37:50.227  INFO 5864 --- [RMI TCP Connection(29)-127.0.0.1] inMXBeanRegistrar$SpringApplicationAdmin : Application shutdown requested.
2026-05-10 15:37:50.879  INFO 5864 --- [RMI TCP Connection(29)-127.0.0.1] j.LocalContainerEntityManagerFactoryBean : Closing JPA EntityManagerFactory for persistence unit 'default'
2026-05-10 15:37:50.970  INFO 5864 --- [RMI TCP Connection(29)-127.0.0.1] com.zaxxer.hikari.HikariDataSource       : HikariPool-1 - Shutdown initiated...
2026-05-10 15:37:51.091  INFO 5864 --- [RMI TCP Connection(29)-127.0.0.1] com.zaxxer.hikari.HikariDataSource       : HikariPool-1 - Shutdown completed.
2026-05-10 15:54:18.184  INFO 824 --- [main] com.example.demo.Demo02Application       : Starting Demo02Application using Java 17.0.4.1 on Windows10-2025 with PID 824 (C:\Users\usuario\Desktop\ICIFG003-EQ04\backend\target\classes started by usuario in C:\Users\usuario\Desktop\ICIFG003-EQ04\backend)
2026-05-10 15:54:18.189  INFO 824 --- [main] com.example.demo.Demo02Application       : No active profile set, falling back to default profiles: default
2026-05-10 15:54:25.545  INFO 824 --- [main] .s.d.r.c.RepositoryConfigurationDelegate : Bootstrapping Spring Data JPA repositories in DEFAULT mode.
2026-05-10 15:54:25.810  INFO 824 --- [main] .s.d.r.c.RepositoryConfigurationDelegate : Finished Spring Data repository scanning in 55 ms. Found 0 JPA repository interfaces.
2026-05-10 15:54:32.110  INFO 824 --- [main] o.s.b.w.embedded.tomcat.TomcatWebServer  : Tomcat initialized with port(s): 8884 (http)
2026-05-10 15:54:32.266  INFO 824 --- [main] o.apache.catalina.core.StandardService   : Starting service [Tomcat]
2026-05-10 15:54:32.270  INFO 824 --- [main] org.apache.catalina.core.StandardEngine  : Starting Servlet engine: [Apache Tomcat/9.0.56]
2026-05-10 15:54:33.277  INFO 824 --- [main] o.a.c.c.C.[Tomcat].[localhost].[/]       : Initializing Spring embedded WebApplicationContext
2026-05-10 15:54:33.279  INFO 824 --- [main] w.s.c.ServletWebServerApplicationContext : Root WebApplicationContext: initialization completed in 14681 ms
2026-05-10 15:54:40.025  INFO 824 --- [main] o.hibernate.jpa.internal.util.LogHelper  : HHH000204: Processing PersistenceUnitInfo [name: default]
2026-05-10 15:54:40.854  INFO 824 --- [main] org.hibernate.Version                    : HHH000412: Hibernate ORM core version 5.4.33
2026-05-10 15:54:42.625  INFO 824 --- [main] o.hibernate.annotations.common.Version   : HCANN000001: Hibernate Commons Annotations {5.1.2.Final}
2026-05-10 15:54:43.500  INFO 824 --- [main] com.zaxxer.hikari.HikariDataSource       : HikariPool-1 - Starting...
2026-05-10 15:54:45.433  INFO 824 --- [main] com.zaxxer.hikari.HikariDataSource       : HikariPool-1 - Start completed.
2026-05-10 15:54:45.515  INFO 824 --- [main] org.hibernate.dialect.Dialect            : HHH000400: Using dialect: org.hibernate.dialect.PostgreSQLDialect
2026-05-10 15:54:49.859  INFO 824 --- [main] o.h.e.t.j.p.i.JtaPlatformInitiator       : HHH000490: Using JtaPlatform implementation: [org.hibernate.engine.transaction.jta.platform.internal.NoJtaPlatform]
2026-05-10 15:54:49.883  INFO 824 --- [main] j.LocalContainerEntityManagerFactoryBean : Initialized JPA EntityManagerFactory for persistence unit 'default'
2026-05-10 15:54:49.958  WARN 824 --- [main] ConfigServletWebServerApplicationContext : Exception encountered during context initialization - cancelling refresh attempt: org.springframework.beans.factory.UnsatisfiedDependencyException: Error creating bean with name 'authController': Unsatisfied dependency expressed through field 'repository'; nested exception is org.springframework.beans.factory.NoSuchBeanDefinitionException: No qualifying bean of type 'com.example.demo.repository.UsuarioRepository' available: expected at least 1 bean which qualifies as autowire candidate. Dependency annotations: {@org.springframework.beans.factory.annotation.Autowired(required=true)}
2026-05-10 15:54:49.959  INFO 824 --- [main] j.LocalContainerEntityManagerFactoryBean : Closing JPA EntityManagerFactory for persistence unit 'default'
2026-05-10 15:54:49.967  INFO 824 --- [main] com.zaxxer.hikari.HikariDataSource       : HikariPool-1 - Shutdown initiated...
2026-05-10 15:54:50.209  INFO 824 --- [main] com.zaxxer.hikari.HikariDataSource       : HikariPool-1 - Shutdown completed.
2026-05-10 15:54:50.234  INFO 824 --- [main] o.apache.catalina.core.StandardService   : Stopping service [Tomcat]
2026-05-10 15:54:50.512  INFO 824 --- [main] ConditionEvaluationReportLoggingListener : 

Error starting ApplicationContext. To display the conditions report re-run your application with 'debug' enabled.
2026-05-10 15:54:50.742 ERROR 824 --- [main] o.s.b.d.LoggingFailureAnalysisReporter   : 

***************************
APPLICATION FAILED TO START
***************************

Description:

Field repository in com.example.demo.controller.AuthController required a bean of type 'com.example.demo.repository.UsuarioRepository' that could not be found.

The injection point has the following annotations:
	- @org.springframework.beans.factory.annotation.Autowired(required=true)


Action:

Consider defining a bean of type 'com.example.demo.repository.UsuarioRepository' in your configuration.

2026-05-10 16:00:47.081  INFO 8356 --- [main] com.example.demo.Demo02Application       : Starting Demo02Application using Java 17.0.4.1 on Windows10-2025 with PID 8356 (C:\Users\usuario\Desktop\ICIFG003-EQ04\backend\target\classes started by usuario in C:\Users\usuario\Desktop\ICIFG003-EQ04\backend)
2026-05-10 16:00:47.090  INFO 8356 --- [main] com.example.demo.Demo02Application       : No active profile set, falling back to default profiles: default
2026-05-10 16:00:48.856  INFO 8356 --- [main] .s.d.r.c.RepositoryConfigurationDelegate : Bootstrapping Spring Data JPA repositories in DEFAULT mode.
2026-05-10 16:00:48.990  INFO 8356 --- [main] .s.d.r.c.RepositoryConfigurationDelegate : Finished Spring Data repository scanning in 110 ms. Found 3 JPA repository interfaces.
2026-05-10 16:00:50.082  INFO 8356 --- [main] o.s.b.w.embedded.tomcat.TomcatWebServer  : Tomcat initialized with port(s): 8884 (http)
2026-05-10 16:00:50.119  INFO 8356 --- [main] o.apache.catalina.core.StandardService   : Starting service [Tomcat]
2026-05-10 16:00:50.123  INFO 8356 --- [main] org.apache.catalina.core.StandardEngine  : Starting Servlet engine: [Apache Tomcat/9.0.56]
2026-05-10 16:00:50.339  INFO 8356 --- [main] o.a.c.c.C.[Tomcat].[localhost].[/]       : Initializing Spring embedded WebApplicationContext
2026-05-10 16:00:50.340  INFO 8356 --- [main] w.s.c.ServletWebServerApplicationContext : Root WebApplicationContext: initialization completed in 3130 ms
2026-05-10 16:00:50.731  INFO 8356 --- [main] o.hibernate.jpa.internal.util.LogHelper  : HHH000204: Processing PersistenceUnitInfo [name: default]
2026-05-10 16:00:50.882  INFO 8356 --- [main] org.hibernate.Version                    : HHH000412: Hibernate ORM core version 5.4.33
2026-05-10 16:00:51.167  INFO 8356 --- [main] o.hibernate.annotations.common.Version   : HCANN000001: Hibernate Commons Annotations {5.1.2.Final}
2026-05-10 16:00:51.424  INFO 8356 --- [main] com.zaxxer.hikari.HikariDataSource       : HikariPool-1 - Starting...
2026-05-10 16:00:51.825  INFO 8356 --- [main] com.zaxxer.hikari.HikariDataSource       : HikariPool-1 - Start completed.
2026-05-10 16:00:51.879  INFO 8356 --- [main] org.hibernate.dialect.Dialect            : HHH000400: Using dialect: org.hibernate.dialect.PostgreSQLDialect
2026-05-10 16:00:53.660  INFO 8356 --- [main] o.h.e.t.j.p.i.JtaPlatformInitiator       : HHH000490: Using JtaPlatform implementation: [org.hibernate.engine.transaction.jta.platform.internal.NoJtaPlatform]
2026-05-10 16:00:53.684  INFO 8356 --- [main] j.LocalContainerEntityManagerFactoryBean : Initialized JPA EntityManagerFactory for persistence unit 'default'
2026-05-10 16:00:54.471  WARN 8356 --- [main] JpaBaseConfiguration$JpaWebConfiguration : spring.jpa.open-in-view is enabled by default. Therefore, database queries may be performed during view rendering. Explicitly configure spring.jpa.open-in-view to disable this warning
2026-05-10 16:00:55.250  INFO 8356 --- [main] o.s.b.w.embedded.tomcat.TomcatWebServer  : Tomcat started on port(s): 8884 (http) with context path ''
2026-05-10 16:00:55.274  INFO 8356 --- [main] com.example.demo.Demo02Application       : Started Demo02Application in 9.08 seconds (JVM running for 10.744)
2026-05-10 16:02:37.824  INFO 8356 --- [http-nio-8884-exec-1] o.a.c.c.C.[Tomcat].[localhost].[/]       : Initializing Spring DispatcherServlet 'dispatcherServlet'
2026-05-10 16:02:37.828  INFO 8356 --- [http-nio-8884-exec-1] o.s.web.servlet.DispatcherServlet        : Initializing Servlet 'dispatcherServlet'
2026-05-10 16:02:37.853  INFO 8356 --- [http-nio-8884-exec-1] o.s.web.servlet.DispatcherServlet        : Completed initialization in 24 ms
2026-05-10 16:47:25.816  INFO 8356 --- [RMI TCP Connection(56)-127.0.0.1] inMXBeanRegistrar$SpringApplicationAdmin : Application shutdown requested.
2026-05-10 16:47:26.261  INFO 8356 --- [RMI TCP Connection(56)-127.0.0.1] j.LocalContainerEntityManagerFactoryBean : Closing JPA EntityManagerFactory for persistence unit 'default'
2026-05-10 16:47:26.309  INFO 8356 --- [RMI TCP Connection(56)-127.0.0.1] com.zaxxer.hikari.HikariDataSource       : HikariPool-1 - Shutdown initiated...
2026-05-10 16:47:26.351  INFO 8356 --- [RMI TCP Connection(56)-127.0.0.1] com.zaxxer.hikari.HikariDataSource       : HikariPool-1 - Shutdown completed.
2026-05-10 16:59:37.881  INFO 7648 --- [main] com.example.demo.Demo02Application       : Starting Demo02Application using Java 17.0.4.1 on Windows10-2025 with PID 7648 (C:\Users\usuario\Desktop\ICIFG003-EQ04\backend\target\classes started by usuario in C:\Users\usuario\Desktop\ICIFG003-EQ04\backend)
2026-05-10 16:59:37.889  INFO 7648 --- [main] com.example.demo.Demo02Application       : No active profile set, falling back to default profiles: default
2026-05-10 16:59:39.803  INFO 7648 --- [main] .s.d.r.c.RepositoryConfigurationDelegate : Bootstrapping Spring Data JPA repositories in DEFAULT mode.
2026-05-10 16:59:39.980  INFO 7648 --- [main] .s.d.r.c.RepositoryConfigurationDelegate : Finished Spring Data repository scanning in 147 ms. Found 4 JPA repository interfaces.
2026-05-10 16:59:41.181  INFO 7648 --- [main] o.s.b.w.embedded.tomcat.TomcatWebServer  : Tomcat initialized with port(s): 8884 (http)
2026-05-10 16:59:41.208  INFO 7648 --- [main] o.apache.catalina.core.StandardService   : Starting service [Tomcat]
2026-05-10 16:59:41.210  INFO 7648 --- [main] org.apache.catalina.core.StandardEngine  : Starting Servlet engine: [Apache Tomcat/9.0.56]
2026-05-10 16:59:41.426  INFO 7648 --- [main] o.a.c.c.C.[Tomcat].[localhost].[/]       : Initializing Spring embedded WebApplicationContext
2026-05-10 16:59:41.428  INFO 7648 --- [main] w.s.c.ServletWebServerApplicationContext : Root WebApplicationContext: initialization completed in 3352 ms
2026-05-10 16:59:41.869  INFO 7648 --- [main] o.hibernate.jpa.internal.util.LogHelper  : HHH000204: Processing PersistenceUnitInfo [name: default]
2026-05-10 16:59:42.041  INFO 7648 --- [main] org.hibernate.Version                    : HHH000412: Hibernate ORM core version 5.4.33
2026-05-10 16:59:42.527  INFO 7648 --- [main] o.hibernate.annotations.common.Version   : HCANN000001: Hibernate Commons Annotations {5.1.2.Final}
2026-05-10 16:59:42.849  INFO 7648 --- [main] com.zaxxer.hikari.HikariDataSource       : HikariPool-1 - Starting...
2026-05-10 16:59:43.384  INFO 7648 --- [main] com.zaxxer.hikari.HikariDataSource       : HikariPool-1 - Start completed.
2026-05-10 16:59:43.444  INFO 7648 --- [main] org.hibernate.dialect.Dialect            : HHH000400: Using dialect: org.hibernate.dialect.PostgreSQLDialect
2026-05-10 16:59:45.705  INFO 7648 --- [main] o.h.e.t.j.p.i.JtaPlatformInitiator       : HHH000490: Using JtaPlatform implementation: [org.hibernate.engine.transaction.jta.platform.internal.NoJtaPlatform]
2026-05-10 16:59:45.731  INFO 7648 --- [main] j.LocalContainerEntityManagerFactoryBean : Initialized JPA EntityManagerFactory for persistence unit 'default'
2026-05-10 16:59:46.604  WARN 7648 --- [main] JpaBaseConfiguration$JpaWebConfiguration : spring.jpa.open-in-view is enabled by default. Therefore, database queries may be performed during view rendering. Explicitly configure spring.jpa.open-in-view to disable this warning
2026-05-10 16:59:47.396  INFO 7648 --- [main] o.s.b.w.embedded.tomcat.TomcatWebServer  : Tomcat started on port(s): 8884 (http) with context path ''
2026-05-10 16:59:47.418  INFO 7648 --- [main] com.example.demo.Demo02Application       : Started Demo02Application in 10.689 seconds (JVM running for 13.805)
2026-05-10 17:00:16.858  INFO 7648 --- [http-nio-8884-exec-1] o.a.c.c.C.[Tomcat].[localhost].[/]       : Initializing Spring DispatcherServlet 'dispatcherServlet'
2026-05-10 17:00:16.860  INFO 7648 --- [http-nio-8884-exec-1] o.s.web.servlet.DispatcherServlet        : Initializing Servlet 'dispatcherServlet'
2026-05-10 17:00:16.863  INFO 7648 --- [http-nio-8884-exec-1] o.s.web.servlet.DispatcherServlet        : Completed initialization in 3 ms
2026-05-10 17:55:15.917  INFO 7648 --- [RMI TCP Connection(65)-127.0.0.1] inMXBeanRegistrar$SpringApplicationAdmin : Application shutdown requested.
2026-05-10 17:55:16.383  INFO 7648 --- [RMI TCP Connection(65)-127.0.0.1] j.LocalContainerEntityManagerFactoryBean : Closing JPA EntityManagerFactory for persistence unit 'default'
2026-05-10 17:55:16.444  INFO 7648 --- [RMI TCP Connection(65)-127.0.0.1] com.zaxxer.hikari.HikariDataSource       : HikariPool-1 - Shutdown initiated...
2026-05-10 17:55:16.514  INFO 7648 --- [RMI TCP Connection(65)-127.0.0.1] com.zaxxer.hikari.HikariDataSource       : HikariPool-1 - Shutdown completed.
